2025-04-09 21:25:49,119 - ShopCounter - INFO - กำลังเริ่มระบบนับลูกค้าสำหรับสาขา...
2025-04-09 21:25:49,121 - ConfigManager - INFO - โหลดไฟล์การตั้งค่า: config.ini
2025-04-09 21:25:49,123 - DataManager - INFO - เตรียมฐานข้อมูล: shop_tracking.db
2025-04-09 21:25:49,123 - DataManager - INFO - ตัวจัดการข้อมูลถูกเริ่มต้นแล้ว สำหรับสาขา: branch_27b8f26f
2025-04-09 21:25:49,124 - APIClient - INFO - ตัวเชื่อมต่อ API ถูกเริ่มต้นแล้ว สำหรับสาขา: branch_27b8f26f
2025-04-09 21:25:49,135 - CameraCounter - INFO - ตัวนับลูกค้าจากกล้องถูกเริ่มต้นแล้ว สำหรับสาขา: branch_27b8f26f
2025-04-09 21:25:49,136 - ShopCounter - INFO - เริ่มการทำงานในโหมด GUI
2025-04-09 21:25:50,190 - ShopCounter - ERROR - เกิดข้อผิดพลาดในการเริ่มระบบ: 'CameraCounter' object has no attribute 'get_camera_list'
Traceback (most recent call last):
  File "C:\Users\Naruerong_game\Desktop\Shop_counter\shop_counter_client\cc\main.py", line 109, in main
    gui = GUIManager(camera, data_manager, api_client, config_manager)
  File "C:\Users\Naruerong_game\Desktop\Shop_counter\shop_counter_client\cc\client\gui_manager.py", line 46, in __init__
    self._create_widgets()
    ~~~~~~~~~~~~~~~~~~~~^^
  File "C:\Users\Naruerong_game\Desktop\Shop_counter\shop_counter_client\cc\client\gui_manager.py", line 68, in _create_widgets
    self._create_main_tab()
    ~~~~~~~~~~~~~~~~~~~~~^^
  File "C:\Users\Naruerong_game\Desktop\Shop_counter\shop_counter_client\cc\client\gui_manager.py", line 107, in _create_main_tab
    self._update_camera_list()
    ~~~~~~~~~~~~~~~~~~~~~~~~^^
  File "C:\Users\Naruerong_game\Desktop\Shop_counter\shop_counter_client\cc\client\gui_manager.py", line 435, in _update_camera_list
    cameras = self.camera.get_camera_list()
              ^^^^^^^^^^^^^^^^^^^^^^^^^^^
AttributeError: 'CameraCounter' object has no attribute 'get_camera_list'
2025-04-09 21:41:10,843 - ShopCounter - INFO - กำลังเริ่มระบบนับลูกค้าสำหรับสาขา...
2025-04-09 21:41:10,845 - ConfigManager - INFO - โหลดไฟล์การตั้งค่า: config.ini
2025-04-09 21:41:10,847 - DataManager - INFO - เตรียมฐานข้อมูล: shop_tracking.db
2025-04-09 21:41:10,848 - DataManager - INFO - ตัวจัดการข้อมูลถูกเริ่มต้นแล้ว สำหรับสาขา: branch_27b8f26f
2025-04-09 21:41:10,849 - APIClient - INFO - ตัวเชื่อมต่อ API ถูกเริ่มต้นแล้ว สำหรับสาขา: branch_27b8f26f
2025-04-09 21:41:10,859 - CameraCounter - INFO - ตัวนับลูกค้าจากกล้องถูกเริ่มต้นแล้ว สำหรับสาขา: branch_27b8f26f
2025-04-09 21:41:10,860 - ShopCounter - INFO - เริ่มการทำงานในโหมด GUI
2025-04-09 21:41:11,003 - ShopCounter - ERROR - เกิดข้อผิดพลาดในการเริ่มระบบ: 'CameraCounter' object has no attribute 'get_camera_list'
Traceback (most recent call last):
  File "C:\Users\Naruerong_game\Desktop\Shop_counter\shop_counter_client\cc\main.py", line 109, in main
    gui = GUIManager(camera, data_manager, api_client, config_manager)
  File "C:\Users\Naruerong_game\Desktop\Shop_counter\shop_counter_client\cc\client\gui_manager.py", line 46, in __init__
    self._create_widgets()
    ~~~~~~~~~~~~~~~~~~~~^^
  File "C:\Users\Naruerong_game\Desktop\Shop_counter\shop_counter_client\cc\client\gui_manager.py", line 68, in _create_widgets
    self._create_main_tab()
    ~~~~~~~~~~~~~~~~~~~~~^^
  File "C:\Users\Naruerong_game\Desktop\Shop_counter\shop_counter_client\cc\client\gui_manager.py", line 107, in _create_main_tab
    self._update_camera_list()
    ~~~~~~~~~~~~~~~~~~~~~~~~^^
  File "C:\Users\Naruerong_game\Desktop\Shop_counter\shop_counter_client\cc\client\gui_manager.py", line 435, in _update_camera_list
    cameras = self.camera.get_camera_list()
              ^^^^^^^^^^^^^^^^^^^^^^^^^^^
AttributeError: 'CameraCounter' object has no attribute 'get_camera_list'
